2021-05-09 18:15:42.0321||INFO|Microsoft.Hosting.Lifetime|Application started. Press Ctrl+C to shut down. 
2021-05-09 18:15:42.0808||INFO|Microsoft.Hosting.Lifetime|Hosting environment: Development 
2021-05-09 18:15:42.0975||INFO|Microsoft.Hosting.Lifetime|Content root path: C:\Users\vaniuhan\source\repos\Thesis\ThesisProject.WebApp 
2021-05-09 18:15:52.8330||INFO|ThesisProject.WebApp.Areas.Identity.Pages.Account.LoginModel|User logged in. 
2021-05-09 18:17:26.6184||INFO|Microsoft.Hosting.Lifetime|Application started. Press Ctrl+C to shut down. 
2021-05-09 18:17:26.6544||INFO|Microsoft.Hosting.Lifetime|Hosting environment: Development 
2021-05-09 18:17:26.6732||INFO|Microsoft.Hosting.Lifetime|Content root path: C:\Users\vaniuhan\source\repos\Thesis\ThesisProject.WebApp 
2021-05-09 18:18:38.5112||INFO|ThesisProject.WebApp.Areas.Identity.Pages.Account.LoginModel|User logged in. 
2021-05-09 18:24:32.7822||INFO|Microsoft.Hosting.Lifetime|Application started. Press Ctrl+C to shut down. 
2021-05-09 18:24:32.8188||INFO|Microsoft.Hosting.Lifetime|Hosting environment: Development 
2021-05-09 18:24:32.8285||INFO|Microsoft.Hosting.Lifetime|Content root path: C:\Users\vaniuhan\source\repos\Thesis\ThesisProject.WebApp 
2021-05-09 18:24:39.5455||INFO|ThesisProject.WebApp.Areas.Identity.Pages.Account.LoginModel|User logged in. 
2021-05-09 18:24:49.5010|3|ERROR|Microsoft.AspNetCore.Mvc.ViewFeatures.ViewResultExecutor|The view 'EditDoctor' was not found. Searched locations: /Views/Users/EditDoctor.cshtml, /Views/Shared/EditDoctor.cshtml, /Pages/Shared/EditDoctor.cshtml 
2021-05-09 18:24:49.5378|1|ERROR|Microsoft.AspNetCore.Diagnostics.DeveloperExceptionPageMiddleware|An unhandled exception has occurred while executing the request. System.InvalidOperationException: The view 'EditDoctor' was not found. The following locations were searched:
/Views/Users/EditDoctor.cshtml
/Views/Shared/EditDoctor.cshtml
/Pages/Shared/EditDoctor.cshtml
   at Microsoft.AspNetCore.Mvc.ViewEngines.ViewEngineResult.EnsureSuccessful(IEnumerable`1 originalLocations)
   at Microsoft.AspNetCore.Mvc.ViewFeatures.ViewResultExecutor.ExecuteAsync(ActionContext context, ViewResult result)
   at Microsoft.AspNetCore.Mvc.ViewResult.ExecuteResultAsync(ActionContext context)
   at Microsoft.AspNetCore.Mvc.Infrastructure.ResourceInvoker.<InvokeNextResultFilterAsync>g__Awaited|29_0[TFilter,TFilterAsync](ResourceInvoker invoker, Task lastTask, State next, Scope scope, Object state, Boolean isCompleted)
   at Microsoft.AspNetCore.Mvc.Infrastructure.ResourceInvoker.Rethrow(ResultExecutedContextSealed context)
   at Microsoft.AspNetCore.Mvc.Infrastructure.ResourceInvoker.ResultNext[TFilter,TFilterAsync](State& next, Scope& scope, Object& state, Boolean& isCompleted)
   at Microsoft.AspNetCore.Mvc.Infrastructure.ResourceInvoker.InvokeResultFilters()
--- End of stack trace from previous location ---
   at Microsoft.AspNetCore.Mvc.Infrastructure.ResourceInvoker.<InvokeNextResourceFilter>g__Awaited|24_0(ResourceInvoker invoker, Task lastTask, State next, Scope scope, Object state, Boolean isCompleted)
   at Microsoft.AspNetCore.Mvc.Infrastructure.ResourceInvoker.Rethrow(ResourceExecutedContextSealed context)
   at Microsoft.AspNetCore.Mvc.Infrastructure.ResourceInvoker.Next(State& next, Scope& scope, Object& state, Boolean& isCompleted)
   at Microsoft.AspNetCore.Mvc.Infrastructure.ResourceInvoker.<InvokeFilterPipelineAsync>g__Awaited|19_0(ResourceInvoker invoker, Task lastTask, State next, Scope scope, Object state, Boolean isCompleted)
   at Microsoft.AspNetCore.Mvc.Infrastructure.ResourceInvoker.<InvokeAsync>g__Awaited|17_0(ResourceInvoker invoker, Task task, IDisposable scope)
   at Microsoft.AspNetCore.Routing.EndpointMiddleware.<Invoke>g__AwaitRequestTask|6_0(Endpoint endpoint, Task requestTask, ILogger logger)
   at Microsoft.AspNetCore.Authorization.Policy.AuthorizationMiddlewareResultHandler.HandleAsync(RequestDelegate next, HttpContext context, AuthorizationPolicy policy, PolicyAuthorizationResult authorizeResult)
   at Microsoft.AspNetCore.Authorization.AuthorizationMiddleware.Invoke(HttpContext context)
   at Microsoft.AspNetCore.Authentication.AuthenticationMiddleware.Invoke(HttpContext context)
   at Microsoft.AspNetCore.Diagnostics.EntityFrameworkCore.MigrationsEndPointMiddleware.Invoke(HttpContext context)
   at Microsoft.AspNetCore.Diagnostics.DeveloperExceptionPageMiddleware.Invoke(HttpContext context)
2021-05-09 18:26:48.6224||INFO|Microsoft.Hosting.Lifetime|Application started. Press Ctrl+C to shut down. 
2021-05-09 18:26:48.6580||INFO|Microsoft.Hosting.Lifetime|Hosting environment: Development 
2021-05-09 18:26:48.6580||INFO|Microsoft.Hosting.Lifetime|Content root path: C:\Users\vaniuhan\source\repos\Thesis\ThesisProject.WebApp 
2021-05-09 22:40:17.8860||INFO|Microsoft.Hosting.Lifetime|Application started. Press Ctrl+C to shut down. 
2021-05-09 22:40:17.9360||INFO|Microsoft.Hosting.Lifetime|Hosting environment: Development 
2021-05-09 22:40:17.9542||INFO|Microsoft.Hosting.Lifetime|Content root path: C:\Users\vaniuhan\source\repos\Thesis\ThesisProject.WebApp 
2021-05-09 22:41:09.6760|1|ERROR|Microsoft.AspNetCore.Diagnostics.DeveloperExceptionPageMiddleware|An unhandled exception has occurred while executing the request. System.InvalidOperationException: Could not create an instance of type 'ThesisProject.WebApp.Models.User.EditUserViewModel'. Model bound complex types must not be abstract or value types and must have a parameterless constructor. Record types must have a single primary constructor. Alternatively, give the 'viewModel' parameter a non-null default value.
   at Microsoft.AspNetCore.Mvc.ModelBinding.Binders.ComplexObjectModelBinder.CreateModel(ModelBindingContext bindingContext)
   at Microsoft.AspNetCore.Mvc.ModelBinding.Binders.ComplexObjectModelBinder.BindModelCoreAsync(ModelBindingContext bindingContext, Int32 propertyData)
   at Microsoft.AspNetCore.Mvc.ModelBinding.ParameterBinder.BindModelAsync(ActionContext actionContext, IModelBinder modelBinder, IValueProvider valueProvider, ParameterDescriptor parameter, ModelMetadata metadata, Object value, Object container)
   at Microsoft.AspNetCore.Mvc.Controllers.ControllerBinderDelegateProvider.<>c__DisplayClass0_0.<<CreateBinderDelegate>g__Bind|0>d.MoveNext()
--- End of stack trace from previous location ---
   at Microsoft.AspNetCore.Mvc.Infrastructure.ControllerActionInvoker.<InvokeInnerFilterAsync>g__Awaited|13_0(ControllerActionInvoker invoker, Task lastTask, State next, Scope scope, Object state, Boolean isCompleted)
   at Microsoft.AspNetCore.Mvc.Infrastructure.ResourceInvoker.<InvokeNextResourceFilter>g__Awaited|24_0(ResourceInvoker invoker, Task lastTask, State next, Scope scope, Object state, Boolean isCompleted)
   at Microsoft.AspNetCore.Mvc.Infrastructure.ResourceInvoker.Rethrow(ResourceExecutedContextSealed context)
   at Microsoft.AspNetCore.Mvc.Infrastructure.ResourceInvoker.Next(State& next, Scope& scope, Object& state, Boolean& isCompleted)
   at Microsoft.AspNetCore.Mvc.Infrastructure.ResourceInvoker.InvokeFilterPipelineAsync()
--- End of stack trace from previous location ---
   at Microsoft.AspNetCore.Mvc.Infrastructure.ResourceInvoker.<InvokeAsync>g__Awaited|17_0(ResourceInvoker invoker, Task task, IDisposable scope)
   at Microsoft.AspNetCore.Routing.EndpointMiddleware.<Invoke>g__AwaitRequestTask|6_0(Endpoint endpoint, Task requestTask, ILogger logger)
   at Microsoft.AspNetCore.Authorization.Policy.AuthorizationMiddlewareResultHandler.HandleAsync(RequestDelegate next, HttpContext context, AuthorizationPolicy policy, PolicyAuthorizationResult authorizeResult)
   at Microsoft.AspNetCore.Authorization.AuthorizationMiddleware.Invoke(HttpContext context)
   at Microsoft.AspNetCore.Authentication.AuthenticationMiddleware.Invoke(HttpContext context)
   at Microsoft.AspNetCore.Diagnostics.EntityFrameworkCore.MigrationsEndPointMiddleware.Invoke(HttpContext context)
   at Microsoft.AspNetCore.Diagnostics.DeveloperExceptionPageMiddleware.Invoke(HttpContext context)
2021-05-09 22:41:10.0567|7|ERROR|Microsoft.AspNetCore.Diagnostics.EntityFrameworkCore.DatabaseDeveloperPageExceptionFilter|An exception occurred while calculating the database error page content. Skipping display of the database error page. System.InvalidOperationException: StatusCode cannot be set because the response has already started.
   at Microsoft.AspNetCore.Server.IIS.Core.IISHttpContext.ThrowResponseAlreadyStartedException(String name)
   at Microsoft.AspNetCore.Server.IIS.Core.IISHttpContext.set_StatusCode(Int32 value)
   at Microsoft.AspNetCore.Server.IIS.Core.IISHttpContext.Microsoft.AspNetCore.Http.Features.IHttpResponseFeature.set_StatusCode(Int32 value)
   at Microsoft.AspNetCore.Http.DefaultHttpResponse.set_StatusCode(Int32 value)
   at Microsoft.AspNetCore.Diagnostics.EntityFrameworkCore.Views.DatabaseErrorPage.ExecuteAsync()
   at Microsoft.Extensions.RazorViews.BaseView.ExecuteAsync(HttpContext context)
   at Microsoft.AspNetCore.Diagnostics.EntityFrameworkCore.DatabaseDeveloperPageExceptionFilter.HandleExceptionAsync(ErrorContext errorContext, Func`2 next)
2021-05-09 22:42:48.7602||INFO|Microsoft.Hosting.Lifetime|Application started. Press Ctrl+C to shut down. 
2021-05-09 22:42:48.7949||INFO|Microsoft.Hosting.Lifetime|Hosting environment: Development 
2021-05-09 22:42:48.8030||INFO|Microsoft.Hosting.Lifetime|Content root path: C:\Users\vaniuhan\source\repos\Thesis\ThesisProject.WebApp 
2021-05-09 22:48:18.6400||INFO|Microsoft.Hosting.Lifetime|Application started. Press Ctrl+C to shut down. 
2021-05-09 22:48:18.6729||INFO|Microsoft.Hosting.Lifetime|Hosting environment: Development 
2021-05-09 22:48:18.6729||INFO|Microsoft.Hosting.Lifetime|Content root path: C:\Users\vaniuhan\source\repos\Thesis\ThesisProject.WebApp 
2021-05-09 22:51:13.7349||INFO|Microsoft.Hosting.Lifetime|Application started. Press Ctrl+C to shut down. 
2021-05-09 22:51:13.7754||INFO|Microsoft.Hosting.Lifetime|Hosting environment: Development 
2021-05-09 22:51:13.7879||INFO|Microsoft.Hosting.Lifetime|Content root path: C:\Users\vaniuhan\source\repos\Thesis\ThesisProject.WebApp 
2021-05-09 22:55:05.2580||INFO|Microsoft.Hosting.Lifetime|Application started. Press Ctrl+C to shut down. 
2021-05-09 22:55:05.2921||INFO|Microsoft.Hosting.Lifetime|Hosting environment: Development 
2021-05-09 22:55:05.3024||INFO|Microsoft.Hosting.Lifetime|Content root path: C:\Users\vaniuhan\source\repos\Thesis\ThesisProject.WebApp 
2021-05-09 22:57:58.7811||INFO|Microsoft.Hosting.Lifetime|Application started. Press Ctrl+C to shut down. 
2021-05-09 22:57:58.8159||INFO|Microsoft.Hosting.Lifetime|Hosting environment: Development 
2021-05-09 22:57:58.8279||INFO|Microsoft.Hosting.Lifetime|Content root path: C:\Users\vaniuhan\source\repos\Thesis\ThesisProject.WebApp 
